<?xml version="1.0" encoding="UTF-8"?>
<!-- Generated by org.testng.reporters.JUnitXMLReporter -->
<testsuite ignored="0" hostname="DESKTOP-9R6Q1BR" failures="0" tests="3" name="Error Validation Test" time="99.703" errors="0" timestamp="2024-10-13T17:18:43 IST">
  <testcase classname="SeleniumUdemyLearning.ErrorValidations" name="LoginErrorValidation" time="23.458">
    <skipped/>
  </testcase> <!-- LoginErrorValidation -->
  <testcase classname="SeleniumUdemyLearning.ErrorValidations" name="LoginErrorValidation" time="1.34"/>
  <testcase classname="SeleniumUdemyLearning.ErrorValidations" name="productErrorValidation" time="4.517"/>
</testsuite> <!-- Error Validation Test -->
