<?xml version="1.0" encoding="UTF-8"?>
<!-- Generated by org.testng.reporters.JUnitXMLReporter -->
<testsuite ignored="0" hostname="DESKTOP-9R6Q1BR" failures="0" tests="2" name="Error Validation Test" time="332.976" errors="0" timestamp="2024-10-09T18:34:17 IST">
  <testcase classname="SeleniumUdemyLearning.ErrorValidations" name="LoginErrorValidation" time="0.002">
    <skipped/>
  </testcase> <!-- LoginErrorValidation -->
  <testcase classname="SeleniumUdemyLearning.ErrorValidations" name="productErrorValidation" time="0.0">
    <skipped/>
  </testcase> <!-- productErrorValidation -->
</testsuite> <!-- Error Validation Test -->
