<?xml version="1.0" encoding="UTF-8"?>
<!-- Generated by org.testng.reporters.JUnitXMLReporter -->
<testsuite ignored="0" hostname="DESKTOP-9R6Q1BR" failures="0" tests="3" name="Submit Order Test" time="195.321" errors="0" timestamp="2024-10-09T18:32:02 IST">
  <testcase classname="SeleniumUdemyLearning.SubmitOrderTest" name="submitOrder" time="17.21"/>
  <testcase classname="SeleniumUdemyLearning.SubmitOrderTest" name="submitOrder" time="6.125"/>
  <testcase classname="SeleniumUdemyLearning.SubmitOrderTest" name="orderHistoryTest" time="2.86"/>
</testsuite> <!-- Submit Order Test -->
